<?xml version="1.0" encoding="UTF-8"?>
<robot generator="Robot 5.0.1 (Python 3.10.5 on win32)" generated="20220919 09:03:02.099" rpa="false" schemaversion="3">
<suite id="s1" name="TestCases" source="E:\Sirio Libanes\Sirio Robot\robotPage\TestCases">
<suite id="s1-s1" name="Login Sirio" source="E:\Sirio Libanes\Sirio Robot\robotPage\TestCases\Login Sirio.robot">
<test id="s1-s1-t1" name="Caso de Teste 02: Agendar Exame Offline" line="14">
<kw name="Abrir Navegador" library="base" type="SETUP">
<kw name="Open Browser" library="Selenium2Library">
<arg>${url}</arg>
<arg>${browser}</arg>
<doc>Opens a new browser instance to the optional ``url``.</doc>
<msg timestamp="20220919 09:03:02.383" level="INFO">Opening browser 'chrome' to base url 'https://dsv.paciente.hsl.org.br/'.</msg>
<msg timestamp="20220919 09:03:05.761" level="INFO">Cannot capture screenshot because no browser is open.</msg>
<msg timestamp="20220919 09:03:05.761" level="FAIL">SessionNotCreatedException: Message: session not created: This version of ChromeDriver only supports Chrome version 103
Current browser version is 105.0.5195.127 with binary path C:\Program Files\Google\Chrome\Application\chrome.exe
Stacktrace:
Backtrace:
	Ordinal0 [0x002456B3+2184883]
	Ordinal0 [0x001DE5F1+1762801]
	Ordinal0 [0x000F3DA8+802216]
	Ordinal0 [0x00115119+938265]
	Ordinal0 [0x00110D1C+920860]
	Ordinal0 [0x0010E5D1+910801]
	Ordinal0 [0x00141770+1120112]
	Ordinal0 [0x001413CA+1119178]
	Ordinal0 [0x0013C926+1100070]
	Ordinal0 [0x00116EA0+945824]
	Ordinal0 [0x00117D96+949654]
	GetHandleVerifier [0x004E4192+2704034]
	GetHandleVerifier [0x004D687D+2648461]
	GetHandleVerifier [0x002D119A+529066]
	GetHandleVerifier [0x002D0006+524566]
	Ordinal0 [0x001E4F2B+1789739]
	Ordinal0 [0x001E9978+1808760]
	Ordinal0 [0x001E9A65+1808997]
	Ordinal0 [0x001F2A01+1845761]
	BaseThreadInitThunk [0x77166739+25]
	RtlGetFullPathName_UEx [0x77D28FD2+1218]
	RtlGetFullPathName_UEx [0x77D28F9D+1165]
	(No symbol) [0x00000000]
</msg>
<status status="FAIL" starttime="20220919 09:03:02.383" endtime="20220919 09:03:05.794"/>
</kw>
<kw name="Maximize Browser Window" library="Selenium2Library">
<doc>Maximizes current browser window.</doc>
<status status="NOT RUN" starttime="20220919 09:03:05.795" endtime="20220919 09:03:05.795"/>
</kw>
<status status="FAIL" starttime="20220919 09:03:02.382" endtime="20220919 09:03:05.795"/>
</kw>
<status status="FAIL" starttime="20220919 09:03:02.382" endtime="20220919 09:03:05.796">Setup failed:
SessionNotCreatedException: Message: session not created: This version of ChromeDriver only supports Chrome version 103
Current browser version is 105.0.5195.127 with binary path C:\Program Files\Google\Chrome\Application\chrome.exe
Stacktrace:
Backtrace:
	Ordinal0 [0x002456B3+2184883]
	Ordinal0 [0x001DE5F1+1762801]
	Ordinal0 [0x000F3DA8+802216]
	Ordinal0 [0x00115119+938265]
	Ordinal0 [0x00110D1C+920860]
	Ordinal0 [0x0010E5D1+910801]
	Ordinal0 [0x00141770+1120112]
	Ordinal0 [0x001413CA+1119178]
	Ordinal0 [0x0013C926+1100070]
	Ordinal0 [0x00116EA0+945824]
	Ordinal0 [0x00117D96+949654]
	GetHandleVerifier [0x004E4192+2704034]
	GetHandleVerifier [0x004D687D+2648461]
	GetHandleVerifier [0x002D119A+529066]
	GetHandleVerifier [0x002D0006+524566]
	Ordinal0 [0x001E4F2B+1789739]
	Ordinal0 [0x001E9978+1808760]
	Ordinal0 [0x001E9A65+1808997]
	Ordinal0 [0x001F2A01+1845761]
	BaseThreadInitThunk [0x77166739+25]
	RtlGetFullPathName_UEx [0x77D28FD2+1218]
	RtlGetFullPathName_UEx [0x77D28F9D+1165]
	(No symbol) [0x00000000]
</status>
</test>
<status status="FAIL" starttime="20220919 09:03:02.118" endtime="20220919 09:03:05.797"/>
</suite>
<status status="FAIL" starttime="20220919 09:03:02.101" endtime="20220919 09:03:05.798"/>
</suite>
<statistics>
<total>
<stat pass="0" fail="1" skip="0">All Tests</stat>
</total>
<tag>
</tag>
<suite>
<stat pass="0" fail="1" skip="0" id="s1" name="TestCases">TestCases</stat>
<stat pass="0" fail="1" skip="0" id="s1-s1" name="Login Sirio">TestCases.Login Sirio</stat>
</suite>
</statistics>
<errors>
</errors>
</robot>
